<?xml version="1.0" encoding="UTF-8"?>
<testng-results skipped="0" failed="0" ignored="0" total="1" passed="1">
  <reporter-output>
  </reporter-output>
  <suite name="Default suite" duration-ms="44483" started-at="2019-11-14T11:21:17 IST" finished-at="2019-11-14T11:22:02 IST">
    <groups>
    </groups>
    <test name="Default test" duration-ms="44483" started-at="2019-11-14T11:21:17 IST" finished-at="2019-11-14T11:22:02 IST">
      <class name="com.training.sanity.tests.ufm009">
        <test-method status="PASS" signature="setUpBeforeClass()[pri:0, instance:com.training.sanity.tests.ufm009@22a67b4]" name="setUpBeforeClass" is-config="true" duration-ms="20" started-at="2019-11-14T11:21:18 IST" finished-at="2019-11-14T11:21:18 IST">
          <reporter-output>
          </reporter-output>
        </test-method> <!-- setUpBeforeClass -->
        <test-method status="PASS" signature="setUp()[pri:0, instance:com.training.sanity.tests.ufm009@22a67b4]" name="setUp" is-config="true" duration-ms="26940" started-at="2019-11-14T11:21:18 IST" finished-at="2019-11-14T11:21:45 IST">
          <reporter-output>
          </reporter-output>
        </test-method> <!-- setUp -->
        <test-method status="PASS" signature="RemProductFromCartTest()[pri:0, instance:com.training.sanity.tests.ufm009@22a67b4]" name="RemProductFromCartTest" duration-ms="15475" started-at="2019-11-14T11:21:45 IST" finished-at="2019-11-14T11:22:00 IST">
          <reporter-output>
          </reporter-output>
        </test-method> <!-- RemProductFromCartTest -->
        <test-method status="PASS" signature="tearDown()[pri:0, instance:com.training.sanity.tests.ufm009@22a67b4]" name="tearDown" is-config="true" duration-ms="1992" started-at="2019-11-14T11:22:00 IST" finished-at="2019-11-14T11:22:02 IST">
          <reporter-output>
          </reporter-output>
        </test-method> <!-- tearDown -->
      </class> <!-- com.training.sanity.tests.ufm009 -->
    </test> <!-- Default test -->
  </suite> <!-- Default suite -->
</testng-results>
